<?xml version="1.0" encoding="UTF-8" ?>
<testsuite 
errors="0" failures="0" hostname="Katherines-MacBook-Air-2.local" name="chompdb.store.FileStoreTest" tests="3" time="66.217" timestamp="2013-12-11T02:31:51">
  <properties>
    <property name="java.runtime.name" value="Java(TM) SE Runtime Environment">
    </property>
    <property 
    name="sun.boot.library.path" value="/System/Library/Java/JavaVirtualMachines/1.6.0.jdk/Contents/Libraries">
</property>
    <property name="java.vm.version" value="20.51-b01-457"> </property>
    <property name="awt.nativeDoubleBuffering" value="true"> </property>
    <property name="gopherProxySet" value="false"> </property>
    <property name="mrj.build" value="11M4509"> </property>
    <property name="java.vm.vendor" value="Apple Inc."> </property>
    <property name="java.vendor.url" value="http://www.apple.com/"> </property>
    <property name="path.separator" value=":"> </property>
    <property name="java.vm.name" value="Java HotSpot(TM) 64-Bit Server VM">
    </property>
    <property name="file.encoding.pkg" value="sun.io"> </property>
    <property name="user.country" value="US"> </property>
    <property name="sun.os.patch.level" value="unknown"> </property>
    <property 
    name="java.vm.specification.name" value="Java Virtual Machine Specification">
</property>
    <property name="user.dir" value="/Users/katherinefellows/src/chompdb">
    </property>
    <property name="java.runtime.version" value="1.6.0_51-b11-457-11M4509">
    </property>
    <property 
    name="java.awt.graphicsenv" value="apple.awt.CGraphicsEnvironment">
</property>
    <property 
    name="java.endorsed.dirs" value="/System/Library/Java/JavaVirtualMachines/1.6.0.jdk/Contents/Home/lib/endorsed">
</property>
    <property name="os.arch" value="x86_64"> </property>
    <property 
    name="java.io.tmpdir" value="/var/folders/_p/82n8f39962l3m9v_45wj2fsw0000gn/T/">
</property>
    <property name="line.separator" value=" "> </property>
    <property 
    name="java.vm.specification.vendor" value="Sun Microsystems Inc.">
</property>
    <property name="os.name" value="Mac OS X"> </property>
    <property name="sun.jnu.encoding" value="MacRoman"> </property>
    <property 
    name="java.library.path" value=".:/Library/Java/Extensions:/System/Library/Java/Extensions:/usr/lib/java">
</property>
    <property 
    name="java.specification.name" value="Java Platform API Specification">
</property>
    <property name="java.class.version" value="50.0"> </property>
    <property 
    name="sun.management.compiler" value="HotSpot 64-Bit Tiered Compilers">
</property>
    <property name="os.version" value="10.8.5"> </property>
    <property 
    name="http.nonProxyHosts" value="local|*.local|169.254/16|*.169.254/16">
</property>
    <property name="user.home" value="/Users/katherinefellows"> </property>
    <property name="user.timezone" value="America/Los_Angeles"> </property>
    <property name="java.awt.printerjob" value="apple.awt.CPrinterJob">
    </property>
    <property name="file.encoding" value="MacRoman"> </property>
    <property name="java.specification.version" value="1.6"> </property>
    <property name="user.name" value="katherinefellows"> </property>
    <property 
    name="java.class.path" value="/Users/katherinefellows/.m2/repository/org/apache/ant/ant/1.8.3/ant-1.8.3.jar:/Users/katherinefellows/.m2/repository/org/apache/ant/ant-launcher/1.8.3/ant-launcher-1.8.3.jar:/Users/katherinefellows/.rvm/gems/ruby-2.0.0-p247/gems/buildr-1.4.15/lib/buildr/java:/Users/katherinefellows/.m2/repository/org/scala-lang/scala-library/2.10.0/scala-library-2.10.0.jar:/Users/katherinefellows/.m2/repository/org/scala-lang/scala-compiler/2.10.0/scala-compiler-2.10.0.jar:/Users/katherinefellows/.m2/repository/org/scala-lang/scala-reflect/2.10.0/scala-reflect-2.10.0.jar:/Users/katherinefellows/.m2/repository/org/scala-lang/scala-actors/2.10.0/scala-actors-2.10.0.jar:/Users/katherinefellows/.m2/repository/com/typesafe/zinc/zinc/0.1.0/zinc-0.1.0.jar:/Users/katherinefellows/.m2/repository/com/typesafe/sbt/sbt-interface/0.12.0/sbt-interface-0.12.0.jar:/Users/katherinefellows/.m2/repository/com/typesafe/sbt/incremental-compiler/0.12.0/incremental-compiler-0.12.0.jar:/Users/katherinefellows/.m2/repository/com/typesafe/sbt/compiler-interface/0.12.0/compiler-interface-0.12.0-sources.jar:/Users/katherinefellows/.m2/repository/jline/jline/1.0/jline-1.0.jar">
</property>
    <property name="java.vm.specification.version" value="1.0"> </property>
    <property name="sun.arch.data.model" value="64"> </property>
    <property 
    name="java.home" value="/System/Library/Java/JavaVirtualMachines/1.6.0.jdk/Contents/Home">
</property>
    <property name="java.specification.vendor" value="Sun Microsystems Inc.">
    </property>
    <property name="user.language" value="en"> </property>
    <property name="awt.toolkit" value="apple.awt.CToolkit"> </property>
    <property name="java.vm.info" value="mixed mode"> </property>
    <property name="java.version" value="1.6.0_51"> </property>
    <property 
    name="java.ext.dirs" value="/Library/Java/Extensions:/System/Library/Java/Extensions:/System/Library/Java/JavaVirtualMachines/1.6.0.jdk/Contents/Home/lib/ext">
</property>
    <property 
    name="sun.boot.class.path" value="/System/Library/Java/JavaVirtualMachines/1.6.0.jdk/Contents/Classes/jsfd.jar:/System/Library/Java/JavaVirtualMachines/1.6.0.jdk/Contents/Classes/classes.jar:/System/Library/Frameworks/JavaVM.framework/Frameworks/JavaRuntimeSupport.framework/Resources/Java/JavaRuntimeSupport.jar:/System/Library/Java/JavaVirtualMachines/1.6.0.jdk/Contents/Classes/ui.jar:/System/Library/Java/JavaVirtualMachines/1.6.0.jdk/Contents/Classes/laf.jar:/System/Library/Java/JavaVirtualMachines/1.6.0.jdk/Contents/Classes/sunrsasign.jar:/System/Library/Java/JavaVirtualMachines/1.6.0.jdk/Contents/Classes/jsse.jar:/System/Library/Java/JavaVirtualMachines/1.6.0.jdk/Contents/Classes/jce.jar:/System/Library/Java/JavaVirtualMachines/1.6.0.jdk/Contents/Classes/charsets.jar">
</property>
    <property name="java.vendor" value="Apple Inc."> </property>
    <property name="file.separator" value="/"> </property>
    <property name="java.vendor.url.bug" value="http://bugreport.apple.com/">
    </property>
    <property name="sun.cpu.endian" value="little"> </property>
    <property name="sun.io.unicode.encoding" value="UnicodeLittle"> </property>
    <property name="mrj.version" value="1070.1.6.0_51-457"> </property>
    <property 
    name="socksNonProxyHosts" value="local|*.local|169.254/16|*.169.254/16">
</property>
    <property 
    name="ftp.nonProxyHosts" value="local|*.local|169.254/16|*.169.254/16">
</property>
    <property name="sun.cpu.isalist" value=""> </property>
  </properties>
  <testcase 
  name="FileStore should write and read back data" classname="chompdb.store.FileStoreTest" time="0.048">
</testcase>
  <testcase 
  name="FileStore should support large amounts of data" classname="chompdb.store.FileStoreTest" time="2.658">
</testcase>
  <testcase 
  name="FileStore should not leak file descriptors when reading/writing" classname="chompdb.store.FileStoreTest" time="63.491">
</testcase>
  <system-out><![CDATA[]]></system-out>
  <system-err><![CDATA[]]></system-err>
</testsuite>
